2025-01-19 15:38:46,734 - library - INFO - {'action': 'login_success', 'user_id': 1, 'timestamp': '2025-01-19T15:38:46.734424', 'details': {'username': 'admin'}}
2025-01-19 15:40:28,969 - library - INFO - {'action': 'login_success', 'user_id': 1, 'timestamp': '2025-01-19T15:40:28.969475', 'details': {'username': 'admin'}}
2025-01-19 15:41:35,942 - library - INFO - {'action': 'login_success', 'user_id': 1, 'timestamp': '2025-01-19T15:41:35.942697', 'details': {'username': 'admin'}}
2025-01-19 15:43:22,179 - library - INFO - {'action': 'login_success', 'user_id': 1, 'timestamp': '2025-01-19T15:43:22.179659', 'details': {'username': 'admin'}}
2025-01-19 15:44:56,217 - library - INFO - {'action': 'login_success', 'user_id': 1, 'timestamp': '2025-01-19T15:44:56.217682', 'details': {'username': 'admin'}}
2025-01-19 15:45:20,399 - library - INFO - {'action': 'get_document', 'user_id': 1, 'timestamp': '2025-01-19T15:45:20.399502', 'details': {'document_id': 6}}
2025-01-19 15:48:40,034 - library - INFO - {'action': 'login_success', 'user_id': 1, 'timestamp': '2025-01-19T15:48:40.034403', 'details': {'username': 'admin'}}
2025-01-19 15:48:44,261 - library - INFO - {'action': 'get_document', 'user_id': 1, 'timestamp': '2025-01-19T15:48:44.261317', 'details': {'document_id': 6}}
2025-01-19 15:49:23,133 - library - INFO - {'action': 'get_document', 'user_id': 1, 'timestamp': '2025-01-19T15:49:23.132383', 'details': {'document_id': 23}}
2025-01-19 15:49:49,756 - library - INFO - {'action': 'get_document', 'user_id': 1, 'timestamp': '2025-01-19T15:49:49.756407', 'details': {'document_id': 24}}
2025-01-19 15:50:12,558 - library - INFO - {'action': 'get_document', 'user_id': 1, 'timestamp': '2025-01-19T15:50:12.558902', 'details': {'document_id': 19}}
2025-01-19 15:50:39,212 - library - INFO - {'action': 'get_document', 'user_id': 1, 'timestamp': '2025-01-19T15:50:39.212836', 'details': {'document_id': 19}}
2025-01-19 15:51:05,268 - library - INFO - {'action': 'get_document', 'user_id': 1, 'timestamp': '2025-01-19T15:51:05.268375', 'details': {'document_id': 19}}
2025-01-19 15:53:16,845 - library - INFO - {'action': 'get_document', 'user_id': 1, 'timestamp': '2025-01-19T15:53:16.845211', 'details': {'document_id': 3}}
2025-01-19 15:53:42,003 - library - INFO - {'action': 'get_document', 'user_id': 1, 'timestamp': '2025-01-19T15:53:42.003505', 'details': {'document_id': 3}}
2025-01-19 15:58:12,493 - library - INFO - {'action': 'login_success', 'user_id': 1, 'timestamp': '2025-01-19T15:58:12.493452', 'details': {'username': 'admin'}}
2025-01-19 16:03:19,486 - library - INFO - {'action': 'login_success', 'user_id': 1, 'timestamp': '2025-01-19T16:03:19.486159', 'details': {'username': 'admin'}}
2025-01-19 16:03:32,861 - library - INFO - {'action': 'document_returned', 'user_id': 1, 'timestamp': '2025-01-19T16:03:32.861730', 'details': {'document_id': 28}}
2025-01-19 16:03:49,707 - library - ERROR - {'error': 'document_return_failed', 'user_id': 1, 'timestamp': '2025-01-19T16:03:49.706014', 'details': {'document_id': 28}}
2025-01-19 16:05:03,188 - library - INFO - {'action': 'login_success', 'user_id': 1, 'timestamp': '2025-01-19T16:05:03.188330', 'details': {'username': 'admin'}}
2025-01-19 16:06:27,595 - library - INFO - {'action': 'login_success', 'user_id': 1, 'timestamp': '2025-01-19T16:06:27.595291', 'details': {'username': 'admin'}}
2025-01-19 16:07:28,332 - library - INFO - {'action': 'document_retourne', 'user_id': 1, 'timestamp': '2025-01-19T16:07:28.332449', 'details': {'document_id': 29}}
2025-01-19 16:10:58,610 - library - INFO - {'action': 'login_success', 'user_id': 1, 'timestamp': '2025-01-19T16:10:58.610197', 'details': {'username': 'admin'}}
2025-01-19 16:11:46,891 - library - INFO - {'action': 'document_retourne', 'user_id': 1, 'timestamp': '2025-01-19T16:11:46.891861', 'details': {'document_id': 4}}
2025-01-19 16:20:38,911 - library - INFO - {'action': 'login_success', 'user_id': 1, 'timestamp': '2025-01-19T16:20:38.911467', 'details': {'username': 'admin'}}
2025-01-19 16:22:54,000 - library - INFO - {'action': 'login_success', 'user_id': 1, 'timestamp': '2025-01-19T16:22:54.000642', 'details': {'username': 'admin'}}
2025-01-19 16:23:47,965 - library - INFO - {'action': 'document_retourne', 'user_id': 1, 'timestamp': '2025-01-19T16:23:47.965415', 'details': {'document_id': 7}}
2025-01-19 16:25:28,575 - library - INFO - {'action': 'login_success', 'user_id': 1, 'timestamp': '2025-01-19T16:25:28.575304', 'details': {'username': 'admin'}}
2025-01-19 16:26:24,104 - library - INFO - {'action': 'document_retourne', 'user_id': 1, 'timestamp': '2025-01-19T16:26:24.104484', 'details': {'document_id': 4}}
2025-01-19 16:28:28,351 - library - INFO - {'action': 'login_success', 'user_id': 1, 'timestamp': '2025-01-19T16:28:28.351167', 'details': {'username': 'admin'}}
2025-01-19 17:41:11,565 - library - INFO - {'action': 'login_success', 'user_id': 1, 'timestamp': '2025-01-19T17:41:11.565578', 'details': {'username': 'admin'}}
2025-01-19 17:45:45,919 - library - INFO - {'action': 'login_success', 'user_id': 1, 'timestamp': '2025-01-19T17:45:45.919728', 'details': {'username': 'admin'}}
2025-01-19 17:46:22,366 - library - INFO - {'action': 'logout', 'user_id': 1, 'timestamp': '2025-01-19T17:46:22.365851', 'details': {'username': 'admin'}}
2025-01-19 17:46:38,850 - library - INFO - {'action': 'login_success', 'user_id': 1, 'timestamp': '2025-01-19T17:46:38.850287', 'details': {'username': 'admin'}}
2025-01-19 17:48:14,018 - library - INFO - {'action': 'login_success', 'user_id': 1, 'timestamp': '2025-01-19T17:48:14.018404', 'details': {'username': 'admin'}}
2025-01-19 17:49:50,849 - library - INFO - {'action': 'login_success', 'user_id': 1, 'timestamp': '2025-01-19T17:49:50.849033', 'details': {'username': 'admin'}}
2025-01-19 17:51:43,448 - library - INFO - {'action': 'login_success', 'user_id': 1, 'timestamp': '2025-01-19T17:51:43.448798', 'details': {'username': 'admin'}}
2025-01-19 17:52:35,510 - library - INFO - {'action': 'get_document', 'user_id': 1, 'timestamp': '2025-01-19T17:52:35.510436', 'details': {'document_id': 29}}
2025-01-19 17:57:22,344 - library - INFO - {'action': 'login_success', 'user_id': 1, 'timestamp': '2025-01-19T17:57:22.344540', 'details': {'username': 'admin'}}
2025-01-19 17:59:43,746 - library - INFO - {'action': 'login_success', 'user_id': 1, 'timestamp': '2025-01-19T17:59:43.746581', 'details': {'username': 'admin'}}
2025-01-19 18:01:42,116 - library - INFO - {'action': 'login_success', 'user_id': 1, 'timestamp': '2025-01-19T18:01:42.116547', 'details': {'username': 'admin'}}
2025-01-19 18:04:04,665 - library - INFO - {'action': 'login_success', 'user_id': 1, 'timestamp': '2025-01-19T18:04:04.665396', 'details': {'username': 'admin'}}
2025-01-19 18:06:55,175 - library - INFO - {'action': 'login_success', 'user_id': 1, 'timestamp': '2025-01-19T18:06:55.175251', 'details': {'username': 'admin'}}
2025-01-19 18:09:04,250 - library - INFO - {'action': 'login_success', 'user_id': 1, 'timestamp': '2025-01-19T18:09:04.248554', 'details': {'username': 'admin'}}
2025-01-19 18:10:38,929 - library - INFO - {'action': 'login_success', 'user_id': 1, 'timestamp': '2025-01-19T18:10:38.929930', 'details': {'username': 'admin'}}
2025-01-19 18:14:35,017 - library - INFO - {'action': 'login_success', 'user_id': 1, 'timestamp': '2025-01-19T18:14:35.017483', 'details': {'username': 'admin'}}
2025-01-19 18:15:26,197 - library - INFO - {'action': 'login_success', 'user_id': 1, 'timestamp': '2025-01-19T18:15:26.197253', 'details': {'username': 'admin'}}
2025-01-19 18:17:20,409 - library - INFO - {'action': 'login_success', 'user_id': 1, 'timestamp': '2025-01-19T18:17:20.409788', 'details': {'username': 'admin'}}
2025-01-19 18:18:12,224 - library - INFO - {'action': 'login_success', 'user_id': 1, 'timestamp': '2025-01-19T18:18:12.224883', 'details': {'username': 'admin'}}
2025-01-19 18:30:52,979 - library - INFO - {'action': 'login_success', 'user_id': 1, 'timestamp': '2025-01-19T18:30:52.979165', 'details': {'username': 'admin'}}
2025-01-19 18:31:12,721 - library - INFO - {'action': 'login_success', 'user_id': 1, 'timestamp': '2025-01-19T18:31:12.721759', 'details': {'username': 'admin'}}
2025-01-19 18:33:30,215 - library - INFO - {'action': 'login_success', 'user_id': 6, 'timestamp': '2025-01-19T18:33:30.215543', 'details': {'username': 'user'}}
2025-01-19 18:34:09,245 - library - INFO - {'action': 'demande_annulee', 'user_id': 6, 'timestamp': '2025-01-19T18:34:09.245472', 'details': {'demande_id': 15}}
2025-01-19 18:34:26,174 - library - INFO - {'action': 'logout', 'user_id': 6, 'timestamp': '2025-01-19T18:34:26.174971', 'details': {'username': 'user'}}
2025-01-19 18:34:31,400 - library - INFO - {'action': 'login_success', 'user_id': 1, 'timestamp': '2025-01-19T18:34:31.399200', 'details': {'username': 'admin'}}
2025-01-19 18:36:23,162 - library - INFO - {'action': 'logout', 'user_id': 1, 'timestamp': '2025-01-19T18:36:23.162901', 'details': {'username': 'admin'}}
2025-01-19 18:39:34,944 - library - INFO - {'action': 'login_success', 'user_id': 1, 'timestamp': '2025-01-19T18:39:34.944740', 'details': {'username': 'admin'}}
